<?xml version="1.0" encoding="UTF-8"?>
<testng-results ignored="0" total="2" passed="2" failed="0" skipped="0">
  <reporter-output>
  </reporter-output>
  <suite started-at="2024-12-23T15:09:58 IST" name="Suite" finished-at="2024-12-23T15:10:09 IST" duration-ms="11609">
    <groups>
    </groups>
    <test started-at="2024-12-23T15:09:58 IST" name="ChromeBrowser" finished-at="2024-12-23T15:10:05 IST" duration-ms="6965">
      <class name="com.TestNG.CrossBrowserTesting">
        <test-method signature="launchBrowser(java.lang.String)[pri:0, instance:com.TestNG.CrossBrowserTesting@6c1a5b54]" started-at="2024-12-23T15:09:58 IST" name="launchBrowser" finished-at="2024-12-23T15:10:05 IST" duration-ms="6930" status="PASS">
          <params>
            <param index="0">
              <value>
                <![CDATA[chrome]]>
              </value>
            </param>
          </params>
          <reporter-output>
          </reporter-output>
        </test-method> <!-- launchBrowser -->
      </class> <!-- com.TestNG.CrossBrowserTesting -->
    </test> <!-- ChromeBrowser -->
    <test started-at="2024-12-23T15:10:05 IST" name="FirefoxBrowser" finished-at="2024-12-23T15:10:09 IST" duration-ms="4597">
      <class name="com.TestNG.CrossBrowserTesting">
        <test-method signature="launchBrowser(java.lang.String)[pri:0, instance:com.TestNG.CrossBrowserTesting@5afa3c9]" started-at="2024-12-23T15:10:05 IST" name="launchBrowser" finished-at="2024-12-23T15:10:09 IST" duration-ms="4593" status="PASS">
          <params>
            <param index="0">
              <value>
                <![CDATA[firefox]]>
              </value>
            </param>
          </params>
          <reporter-output>
          </reporter-output>
        </test-method> <!-- launchBrowser -->
      </class> <!-- com.TestNG.CrossBrowserTesting -->
    </test> <!-- FirefoxBrowser -->
  </suite> <!-- Suite -->
</testng-results>
