<?xml version="1.0" encoding="UTF-8"?>
<testng-results ignored="0" total="2" passed="2" failed="0" skipped="0">
  <reporter-output>
  </reporter-output>
  <suite started-at="2024-12-23T15:08:11 IST" name="Suite" finished-at="2024-12-23T15:08:28 IST" duration-ms="17491">
    <groups>
    </groups>
    <test started-at="2024-12-23T15:08:11 IST" name="ChromeBrowser" finished-at="2024-12-23T15:08:20 IST" duration-ms="9352">
      <class name="com.TestNG.CrossBrowserTesting">
        <test-method signature="launchBrowser(java.lang.String)[pri:0, instance:com.TestNG.CrossBrowserTesting@712625fd]" started-at="2024-12-23T15:08:11 IST" name="launchBrowser" finished-at="2024-12-23T15:08:20 IST" duration-ms="9302" status="PASS">
          <params>
            <param index="0">
              <value>
                <![CDATA[chrome]]>
              </value>
            </param>
          </params>
          <reporter-output>
          </reporter-output>
        </test-method> <!-- launchBrowser -->
      </class> <!-- com.TestNG.CrossBrowserTesting -->
    </test> <!-- ChromeBrowser -->
    <test started-at="2024-12-23T15:08:20 IST" name="FirefoxBrowser" finished-at="2024-12-23T15:08:28 IST" duration-ms="8036">
      <class name="com.TestNG.CrossBrowserTesting">
        <test-method signature="launchBrowser(java.lang.String)[pri:0, instance:com.TestNG.CrossBrowserTesting@6f53b8a]" started-at="2024-12-23T15:08:20 IST" name="launchBrowser" finished-at="2024-12-23T15:08:28 IST" duration-ms="8029" status="PASS">
          <params>
            <param index="0">
              <value>
                <![CDATA[firefox]]>
              </value>
            </param>
          </params>
          <reporter-output>
          </reporter-output>
        </test-method> <!-- launchBrowser -->
      </class> <!-- com.TestNG.CrossBrowserTesting -->
    </test> <!-- FirefoxBrowser -->
  </suite> <!-- Suite -->
</testng-results>
